<?xml version="1.0" encoding="UTF-8"?>
<!-- Generated by org.testng.reporters.JUnitXMLReporter -->
<testsuite ignored="0" hostname="LAPTOP-EEAS1CV9" failures="0" tests="1" name="Test" time="0.103" errors="0" timestamp="2023-06-14T18:02:49 IST">
  <testcase classname="com.genericLibrary.Base_Test" name="@BeforeClass browser_setup" time="-1.686745969691E9">
    <failure type="org.testng.TestNGException" message="
Can inject only one of &amp;lt;ITestContext, XmlTest&amp;gt; into a @BeforeClass annotated browser_setup.
For more information on native dependency injection please refer to https://testng.org/doc/documentation-main.html#native-dependency-injection">
      <![CDATA[org.testng.TestNGException: 
Can inject only one of <ITestContext, XmlTest> into a @BeforeClass annotated browser_setup.
For more information on native dependency injection please refer to https://testng.org/doc/documentation-main.html#native-dependency-injection
at java.base/java.util.ArrayList.forEach(ArrayList.java:1511)
... Removed 22 stack frames]]>
    </failure>
  </testcase> <!-- @BeforeClass browser_setup -->
  <testcase classname="com.genericLibrary.Base_Test" name="@AfterClass browser_TearDown" time="-1.686745969753E9">
    <skipped/>
  </testcase> <!-- @AfterClass browser_TearDown -->
  <testcase classname="com.TestScript.DWS_Login" name="Login" time="0.0">
    <skipped/>
  </testcase> <!-- Login -->
</testsuite> <!-- Test -->
