<?xml version="1.0" encoding="UTF-8"?>
<testng-results ignored="0" total="1" passed="1" failed="0" skipped="0">
  <reporter-output>
  </reporter-output>
  <suite started-at="2023-06-19T16:57:59 IST" name="Default suite" finished-at="2023-06-19T16:58:08 IST" duration-ms="8462">
    <groups>
    </groups>
    <test started-at="2023-06-19T16:57:59 IST" name="Default test" finished-at="2023-06-19T16:58:08 IST" duration-ms="8462">
      <class name="com.DemoWebShopTestScript.DWS_Community_Poll">
        <test-method is-config="true" signature="browser_setup()[pri:0, instance:com.DemoWebShopTestScript.DWS_Community_Poll@793be5ca]" started-at="2023-06-19T16:57:59 IST" name="browser_setup" finished-at="2023-06-19T16:58:07 IST" duration-ms="7587" status="PASS">
          <reporter-output>
          </reporter-output>
        </test-method> <!-- browser_setup -->
        <test-method signature="communityPoll()[pri:0, instance:com.DemoWebShopTestScript.DWS_Community_Poll@793be5ca]" started-at="2023-06-19T16:58:07 IST" name="communityPoll" finished-at="2023-06-19T16:58:08 IST" duration-ms="627" status="PASS">
          <reporter-output>
          </reporter-output>
        </test-method> <!-- communityPoll -->
        <test-method is-config="true" signature="browser_TearDown()[pri:0, instance:com.DemoWebShopTestScript.DWS_Community_Poll@793be5ca]" started-at="2023-06-19T16:58:08 IST" name="browser_TearDown" finished-at="2023-06-19T16:58:08 IST" duration-ms="175" status="PASS">
          <reporter-output>
          </reporter-output>
        </test-method> <!-- browser_TearDown -->
      </class> <!-- com.DemoWebShopTestScript.DWS_Community_Poll -->
    </test> <!-- Default test -->
  </suite> <!-- Default suite -->
</testng-results>
