<?xml version="1.0" encoding="UTF-8"?>
<testng-results skipped="0" failed="0" ignored="0" total="1" passed="1">
  <reporter-output>
  </reporter-output>
  <suite name="Surefire suite" duration-ms="9101" started-at="2023-06-16T14:12:59 IST" finished-at="2023-06-16T14:13:08 IST">
    <groups>
    </groups>
    <test name="Surefire test" duration-ms="9101" started-at="2023-06-16T14:12:59 IST" finished-at="2023-06-16T14:13:08 IST">
      <class name="com.TestScript.DWS_LoginTest">
        <test-method status="PASS" signature="Login(java.lang.String,java.lang.String)[pri:0, instance:com.TestScript.DWS_LoginTest@6536e911]" name="Login" duration-ms="9052" started-at="2023-06-16T14:12:59 IST" data-provider="LoginData" finished-at="2023-06-16T14:13:08 IST">
          <params>
            <param index="0">
              <value>
                <![CDATA[ak6838883@gmail.com]]>
              </value>
            </param>
            <param index="1">
              <value>
                <![CDATA[Aman@123]]>
              </value>
            </param>
          </params>
          <reporter-output>
          </reporter-output>
        </test-method> <!-- Login -->
      </class> <!-- com.TestScript.DWS_LoginTest -->
    </test> <!-- Surefire test -->
  </suite> <!-- Surefire suite -->
</testng-results>
